CLIENT_EARLY_TRAFFIC_SECRET 050198a2668be669af8dd96e11221e1201d8dd40aab4ffe2dbfc3e4524e5f914 5abb55ab7771bd98c57cc816122a231978a2889780aca9f71e5b9f7c0022954f
CLIENT_HANDSHAKE_TRAFFIC_SECRET 050198a2668be669af8dd96e11221e1201d8dd40aab4ffe2dbfc3e4524e5f914 ea51d5579147fbbaf8d0fef025e671ae8a895854b448ee9c0cc0870db8a4cf0f
SERVER_HANDSHAKE_TRAFFIC_SECRET 050198a2668be669af8dd96e11221e1201d8dd40aab4ffe2dbfc3e4524e5f914 209c7514d376314cac82eee6848f9e71790288a5e82a318a65a5227abc75e60d
CLIENT_TRAFFIC_SECRET_0 050198a2668be669af8dd96e11221e1201d8dd40aab4ffe2dbfc3e4524e5f914 e3421464f020ac397962c96d235c5fbd1236bf6485f2f94bb2ed77261cf2eac7
SERVER_TRAFFIC_SECRET_0 050198a2668be669af8dd96e11221e1201d8dd40aab4ffe2dbfc3e4524e5f914 1ff1e61d3a9b39c9ede86dcc2a11ed41302be3a6228496fcc5f07c70ce73bf67
EXPORTER_SECRET 050198a2668be669af8dd96e11221e1201d8dd40aab4ffe2dbfc3e4524e5f914 1166063d45d5a9d5cc5f54fc9953d5e0f0ea2d071db1bb676b7e797a9ab9ea9e
CLIENT_HANDSHAKE_TRAFFIC_SECRET b2a4d9258c4d073e50fb8cd55febe7f47516452c0375163567b96a7e8a93682b 48fba2a311350b5ced7d8fd417f76239f9047ac9997966e9604fbfb18bb93bb5
SERVER_HANDSHAKE_TRAFFIC_SECRET b2a4d9258c4d073e50fb8cd55febe7f47516452c0375163567b96a7e8a93682b 5b12a57fec5988e7618897f7bdfb79fd82ae2507887a26515cc1468ba8cd269f
CLIENT_HANDSHAKE_TRAFFIC_SECRET 56e79d02547b4ab2f616140aea2e2a9bb1b1114cc6f0ff77b52c092a6799afba 163968444c517d730b843c61eba9a5754dceeddc1741479904d0e7c78d797a34
SERVER_HANDSHAKE_TRAFFIC_SECRET 56e79d02547b4ab2f616140aea2e2a9bb1b1114cc6f0ff77b52c092a6799afba e286587c812b4c8f7d7d4615ecf1dd55521e29616455c1c6ee0ea47efe0a1493
CLIENT_TRAFFIC_SECRET_0 b2a4d9258c4d073e50fb8cd55febe7f47516452c0375163567b96a7e8a93682b 02bb21e9a47c4c9648a382cff64796e99a8d054be85f3ac2001078f7cbaae997
SERVER_TRAFFIC_SECRET_0 b2a4d9258c4d073e50fb8cd55febe7f47516452c0375163567b96a7e8a93682b c9d23e99499c457d78d8b453de10de5a9d8971210c7ee417d91699b1e3b33735
EXPORTER_SECRET b2a4d9258c4d073e50fb8cd55febe7f47516452c0375163567b96a7e8a93682b a3c465eef04a1b52f20ed4e06a7d0ac708b38221f44d142408bc8053c1efe36a
CLIENT_TRAFFIC_SECRET_0 56e79d02547b4ab2f616140aea2e2a9bb1b1114cc6f0ff77b52c092a6799afba 75b53de3dc5993feacdf76cd8fe4a1301d16a6239391f4bbcabcc3c11583a39f
SERVER_TRAFFIC_SECRET_0 56e79d02547b4ab2f616140aea2e2a9bb1b1114cc6f0ff77b52c092a6799afba 336b4502a53b820dced50a3573843aecb9b9e0c94655bd4c37a48c089e5260fd
EXPORTER_SECRET 56e79d02547b4ab2f616140aea2e2a9bb1b1114cc6f0ff77b52c092a6799afba 84e0fa5465f2863d9b2c8edccf51a7f2b98551427a5f0f996ab9d56286071bd8
CLIENT_HANDSHAKE_TRAFFIC_SECRET 4834118dac674c2b2c91bea8f59e2bf6e1022bcff2c7a58046d40274aa14f9a7 419a500827e74bd59d14976dc5b10112cbfe3a8cb95f0197b9e0d3b7f794a7ee
SERVER_HANDSHAKE_TRAFFIC_SECRET 4834118dac674c2b2c91bea8f59e2bf6e1022bcff2c7a58046d40274aa14f9a7 c87b03fe322e5b89fa734e747ed143bb8eb152407497a54530a0ff1eb5b5d3d6
CLIENT_TRAFFIC_SECRET_0 4834118dac674c2b2c91bea8f59e2bf6e1022bcff2c7a58046d40274aa14f9a7 7d0dbe79eb751c4a8d623825ab0449ed0fe6dcf1a5b832e94f98d09c13d82233
SERVER_TRAFFIC_SECRET_0 4834118dac674c2b2c91bea8f59e2bf6e1022bcff2c7a58046d40274aa14f9a7 c959d2a0aaa682600796efc6c525beafecca79860ac70da3cac8bd6d092c0aad
EXPORTER_SECRET 4834118dac674c2b2c91bea8f59e2bf6e1022bcff2c7a58046d40274aa14f9a7 7ccf95ea2bdd1876f01d96eb7d3996ba97fbe11b869ec672ff1ccc93f5348499
CLIENT_HANDSHAKE_TRAFFIC_SECRET fbd3e22eda95c231d1d727459c18b92e1bcc0dfdd0764f489d8300bce22ff5e8 a5f0eb801297d78d514f64acffe6c318563347f01e081fc29f29434840e8df21
SERVER_HANDSHAKE_TRAFFIC_SECRET fbd3e22eda95c231d1d727459c18b92e1bcc0dfdd0764f489d8300bce22ff5e8 81308f94ab7a2159922c51e7652a8f286122d779616695da14e359407072f386
CLIENT_TRAFFIC_SECRET_0 fbd3e22eda95c231d1d727459c18b92e1bcc0dfdd0764f489d8300bce22ff5e8 f7e7d1d8bdc2ae186766587fb3af493863a2c9cce469337ae0a9a7c3e7f3276c
SERVER_TRAFFIC_SECRET_0 fbd3e22eda95c231d1d727459c18b92e1bcc0dfdd0764f489d8300bce22ff5e8 00f9f2f714c8acacd2aa5190ab94798c733bc34bb5dd5a788ef4dd322d0a08f6
EXPORTER_SECRET fbd3e22eda95c231d1d727459c18b92e1bcc0dfdd0764f489d8300bce22ff5e8 68d1fbe72f91d6fc3b5341ea9fd75c322c9a2471dd37c0fed365d1882459bf3a
CLIENT_HANDSHAKE_TRAFFIC_SECRET de804690e309a86a6d41a11ad44f59068e9257dd5a1486f50d9777c71baa1845 009ac64324111c543a1764066b6de70f6020c79b70dc0dda47a81a27606d31f0
SERVER_HANDSHAKE_TRAFFIC_SECRET de804690e309a86a6d41a11ad44f59068e9257dd5a1486f50d9777c71baa1845 f89994b9021ac421fa2dbd6a6098bf8ed359bbb656f652a104f8fc8face35d6e
CLIENT_TRAFFIC_SECRET_0 de804690e309a86a6d41a11ad44f59068e9257dd5a1486f50d9777c71baa1845 c0675411a2417a4cf19363799a3ec63590bb3bf51ba069c5682ca1890e87884a
SERVER_TRAFFIC_SECRET_0 de804690e309a86a6d41a11ad44f59068e9257dd5a1486f50d9777c71baa1845 b2146a9b7b8d9460b12ec39fd828b2a84c4451d49c4c2aa26683b5c19d7c9297
EXPORTER_SECRET de804690e309a86a6d41a11ad44f59068e9257dd5a1486f50d9777c71baa1845 df4165841b8f3381893f3fe62eeb1cfcfae9e10daa1f9dacc67f6ef67784ef8a
CLIENT_HANDSHAKE_TRAFFIC_SECRET 870c0a38c4f78bb6beb02d043c128e5a33bc49476e36488320fc32cf81a14f78 20e698b8389ac68d7d8e726cf863b3a605fc76f5260889e9c8107712f4f570fa
SERVER_HANDSHAKE_TRAFFIC_SECRET 870c0a38c4f78bb6beb02d043c128e5a33bc49476e36488320fc32cf81a14f78 f4fe7d8518958ad6294dbbdb1977bd8bb2eb4c3e6c14c766f1a2f0b771ced61f
CLIENT_TRAFFIC_SECRET_0 870c0a38c4f78bb6beb02d043c128e5a33bc49476e36488320fc32cf81a14f78 26c1858e7546b4b92e296edeebf2a27765114863ac6d11f4e51e9d26bfab03fb
SERVER_TRAFFIC_SECRET_0 870c0a38c4f78bb6beb02d043c128e5a33bc49476e36488320fc32cf81a14f78 bac0bc03c739dc5a92e17c0ed8e61eff313e839b49d8844ed80762c03504c5b8
EXPORTER_SECRET 870c0a38c4f78bb6beb02d043c128e5a33bc49476e36488320fc32cf81a14f78 037963414eba5e8777507930d57a198ca0c4dbd4d448ad66c0a8ab686dbfb6bf
CLIENT_HANDSHAKE_TRAFFIC_SECRET 4a550b73c08a4484a9c9e754574c22bbe9bf2521ba1b71d52441629c9909cdb5 21dc5eb293c140ee47c5ee47315f6e417578fd715d8be45cbdb7ed946d25f38a
SERVER_HANDSHAKE_TRAFFIC_SECRET 4a550b73c08a4484a9c9e754574c22bbe9bf2521ba1b71d52441629c9909cdb5 2d5c4d0638aa10545d274c9c0e7d3a74ae8f301fccd012ef77d8bd292345b8ef
CLIENT_TRAFFIC_SECRET_0 4a550b73c08a4484a9c9e754574c22bbe9bf2521ba1b71d52441629c9909cdb5 5754815c846e4a2919cc96040044c33dc5ea5a94d796de6ed68500606791491a
SERVER_TRAFFIC_SECRET_0 4a550b73c08a4484a9c9e754574c22bbe9bf2521ba1b71d52441629c9909cdb5 566731566922c71e293cf25ec477760874ac7f26eed9a2a6056cc23dd48eee93
EXPORTER_SECRET 4a550b73c08a4484a9c9e754574c22bbe9bf2521ba1b71d52441629c9909cdb5 032b193342668dee0011b63d436bc11b216e6d5de94943df358e4ac3297be1fc
CLIENT_HANDSHAKE_TRAFFIC_SECRET 7f4dd4e22d6ec31b888bfb50b883a82e85d59f3f320dd3f214bf3c02e02b93ba 7d988e3e95aa255f5e16d264c4604110779b446373948754a323ef9e7025d715
SERVER_HANDSHAKE_TRAFFIC_SECRET 7f4dd4e22d6ec31b888bfb50b883a82e85d59f3f320dd3f214bf3c02e02b93ba 624afd5bc466ea1e0e4bbd61a3efb148c81b8b9ffbb54cae85fd1484caf4ab50
CLIENT_TRAFFIC_SECRET_0 7f4dd4e22d6ec31b888bfb50b883a82e85d59f3f320dd3f214bf3c02e02b93ba 80efb65f5c26c8bf917fad9eae2be072cc27b86bb42f8f0df06c8bab21e578e2
SERVER_TRAFFIC_SECRET_0 7f4dd4e22d6ec31b888bfb50b883a82e85d59f3f320dd3f214bf3c02e02b93ba f8c1969e32a5478c655799fbb72382bedd91527830f6306870341c85fc317cd2
EXPORTER_SECRET 7f4dd4e22d6ec31b888bfb50b883a82e85d59f3f320dd3f214bf3c02e02b93ba ca3341046ea5f0835632544c1e51acbf69b3ff6b6780118f330c36df5b617437
CLIENT_EARLY_TRAFFIC_SECRET 3253f94d9d9fe3ee22bce0f739c26c2bf557eb781fc1a0ccb8e97edbf6493618 d0b3a18340eab1b75711eb7524f1bb6b579be0f1fb4544a75861195a4dad8a7a
CLIENT_HANDSHAKE_TRAFFIC_SECRET 3253f94d9d9fe3ee22bce0f739c26c2bf557eb781fc1a0ccb8e97edbf6493618 6e70a819259ab7e2ccbb37a069b67197895785dccd3d3a9f94d0291882d704e9
SERVER_HANDSHAKE_TRAFFIC_SECRET 3253f94d9d9fe3ee22bce0f739c26c2bf557eb781fc1a0ccb8e97edbf6493618 d297fa01bc1d75f73b3f261ef603949621d2c52c6c2d8877b993951c45f7e281
CLIENT_TRAFFIC_SECRET_0 3253f94d9d9fe3ee22bce0f739c26c2bf557eb781fc1a0ccb8e97edbf6493618 1e2fd2fd50c50316e15403f33e0adc5d35a3d3e4f0aabc59d39e2f10bf338b1b
SERVER_TRAFFIC_SECRET_0 3253f94d9d9fe3ee22bce0f739c26c2bf557eb781fc1a0ccb8e97edbf6493618 8214ee2e9d0671c622ab476c33332bcfbcfeaab1b88ae134fe28ef002b2a3478
EXPORTER_SECRET 3253f94d9d9fe3ee22bce0f739c26c2bf557eb781fc1a0ccb8e97edbf6493618 f3f2cc3677bb059935efeaee050908cbc4860535ce8fa27cf694582b3fcfda6a
CLIENT_RANDOM 8798fd6d9712c9b6aaff176734b08270046cc66525699c401f495b0292c454b3 bc2d73aa8b0e17ca0e4721f63726d213f03987338f337ded61ebda50ae436da395ae69ac5d1aeb724916c5ad1dd2655c
CLIENT_RANDOM aca3ebddcdcbb4c621816cf6324f63938e5c7efa92f0797428c3c0b8580b1768 599f40a73e1df3718ea3814dd9e4a73f16dfe1efa87726681cf87a4db50e2117824e4481d28d9c611b82b7b104457387
CLIENT_HANDSHAKE_TRAFFIC_SECRET ba4c156e335f639fc786d057a9aa74d90e9b0e90e15c028a5ab998c01a46c5ef 470997a69b7f86ce5b324ebf5935c94678085203424487a3825e5107139df7e4
SERVER_HANDSHAKE_TRAFFIC_SECRET ba4c156e335f639fc786d057a9aa74d90e9b0e90e15c028a5ab998c01a46c5ef 26549469ca9afc484a9d851503029213d249f87a98657514e9a7e2b0af084107
CLIENT_TRAFFIC_SECRET_0 ba4c156e335f639fc786d057a9aa74d90e9b0e90e15c028a5ab998c01a46c5ef e762b35a7620e4a4fc7260b303d98ca6b9fc25dd35ad73b0d9768f785e08fae3
SERVER_TRAFFIC_SECRET_0 ba4c156e335f639fc786d057a9aa74d90e9b0e90e15c028a5ab998c01a46c5ef 9eb8032ceab6816a450cb22573b2f38df0834d492e655f5ae250dc317991764a
EXPORTER_SECRET ba4c156e335f639fc786d057a9aa74d90e9b0e90e15c028a5ab998c01a46c5ef 4cd89624ca16ddbd2432e72bdfc97e729e79039a6010e25d1e910ae15e21ada5
CLIENT_HANDSHAKE_TRAFFIC_SECRET 5cb9689490dafdabf46ecc5b49265ccca004bfe61dad547e684d23d1062ed103 85d5a1c75460101b684dbe843f7a0e867f660de25b90f42d9447602e23fad729
SERVER_HANDSHAKE_TRAFFIC_SECRET 5cb9689490dafdabf46ecc5b49265ccca004bfe61dad547e684d23d1062ed103 38b2ad2c56dbf3683abf35a21a966399ff7c42d10d9988e2a13553b4cd76c043
CLIENT_TRAFFIC_SECRET_0 5cb9689490dafdabf46ecc5b49265ccca004bfe61dad547e684d23d1062ed103 1822f7d122c79eec0ac4056e2c056c70c0aefce3fda4cf059bf36b90765cae7e
SERVER_TRAFFIC_SECRET_0 5cb9689490dafdabf46ecc5b49265ccca004bfe61dad547e684d23d1062ed103 ab421f75433ba9fdc70c733936e83f80c6c1d2fabc93acb366bb432d7ba870cd
EXPORTER_SECRET 5cb9689490dafdabf46ecc5b49265ccca004bfe61dad547e684d23d1062ed103 b4c02e20df2ae89008bf840250c959a62d32a8fa09fd92a13823b57b4572e451
CLIENT_HANDSHAKE_TRAFFIC_SECRET 61159b1446d1a31aa3f4be591cb26f8fa29202569c88b35fbddd0c7bd77bf2bb f03db50ba7c7bb1edeb33c1da874af0ef1f25105c6b5a03960257775f1f5c489
SERVER_HANDSHAKE_TRAFFIC_SECRET 61159b1446d1a31aa3f4be591cb26f8fa29202569c88b35fbddd0c7bd77bf2bb d358f90f3ccd54d7ab826cc7ec2b57a2bc805d96ab6f86e1e525c4cc29849d4e
CLIENT_TRAFFIC_SECRET_0 61159b1446d1a31aa3f4be591cb26f8fa29202569c88b35fbddd0c7bd77bf2bb 7952efbcf5c3f2104894ed10acc74d8810b687a99b0262716d09396827544d01
SERVER_TRAFFIC_SECRET_0 61159b1446d1a31aa3f4be591cb26f8fa29202569c88b35fbddd0c7bd77bf2bb 0ed1287bf42f70da7b7c9b31b97b4733af9cbc97fb916cdcdf6715e355390f84
EXPORTER_SECRET 61159b1446d1a31aa3f4be591cb26f8fa29202569c88b35fbddd0c7bd77bf2bb a9efd781701d2b0e55675e8a862e89218ff0017fc64df87f466ec03af036b051
CLIENT_HANDSHAKE_TRAFFIC_SECRET 122007a38eb9fd8bb303e566929ce8f4138bd2e95a3303de91fee67d97c2e790 5219056fe5a88ab91e038e8ab58aa707e4462b8da93a2a26b0059d13f5c60226
SERVER_HANDSHAKE_TRAFFIC_SECRET 122007a38eb9fd8bb303e566929ce8f4138bd2e95a3303de91fee67d97c2e790 efea8cf81a743a5da68a47ac01270d2a6fdb61418808e0de03467c58669e38c0
CLIENT_TRAFFIC_SECRET_0 122007a38eb9fd8bb303e566929ce8f4138bd2e95a3303de91fee67d97c2e790 c49bacbad4dea7bac5886c0a094be3301f1fefa3247ab627695fd65cb0791d12
SERVER_TRAFFIC_SECRET_0 122007a38eb9fd8bb303e566929ce8f4138bd2e95a3303de91fee67d97c2e790 ef9e7a451f37ed590b35fbe504ae42f9f9c1253299911fc4e52bd009a8d8bbcc
EXPORTER_SECRET 122007a38eb9fd8bb303e566929ce8f4138bd2e95a3303de91fee67d97c2e790 19f6781c732143bdd003a9de11f90d4be9825dfd27cda004267d96a87ee03ed1
CLIENT_EARLY_TRAFFIC_SECRET 23d408b41c014e820028e0d95646d2294d072f2e78b02148ca1043f8de3447b0 f334d931d8c5325db159fd44b740a7eb3eeb8e8e7ac85129f2288fc4acba5600
CLIENT_HANDSHAKE_TRAFFIC_SECRET 23d408b41c014e820028e0d95646d2294d072f2e78b02148ca1043f8de3447b0 c762643918515ec85919ee3d28a40b92f44d9a373a0d1495123ee42e23a0ab5b
SERVER_HANDSHAKE_TRAFFIC_SECRET 23d408b41c014e820028e0d95646d2294d072f2e78b02148ca1043f8de3447b0 e71ef8c5a1d5be996b06672ca12e98e100eff7ac1eddc6a60816dd7a6d7868cb
CLIENT_TRAFFIC_SECRET_0 23d408b41c014e820028e0d95646d2294d072f2e78b02148ca1043f8de3447b0 90883eaddb9300052835df12e3a7b2aedfdb6137fc21861d18def2607e215216
SERVER_TRAFFIC_SECRET_0 23d408b41c014e820028e0d95646d2294d072f2e78b02148ca1043f8de3447b0 c66fbf0431fb18a949789cd4208f12cfd5e4e64bb0f29438561cc82ad7ee7b1f
EXPORTER_SECRET 23d408b41c014e820028e0d95646d2294d072f2e78b02148ca1043f8de3447b0 d0418445f209ef893fc71cca58cca8c477b4d3bd9776458de0f6e35fcce92ef7
CLIENT_EARLY_TRAFFIC_SECRET 4c5c51bf6da7b9276bd830d67de35e3e7177174c327746b37f76bc5ab86c4580 5c634b1c0f1dcac5aed7ce7ed95c6c8d2d7fcbf3743be95adac37f9990344cdb
CLIENT_HANDSHAKE_TRAFFIC_SECRET 4c5c51bf6da7b9276bd830d67de35e3e7177174c327746b37f76bc5ab86c4580 c8155ebe55e7031f3aa8d492f40bc6d700c1de04815e6d63048494aa1089edb5
SERVER_HANDSHAKE_TRAFFIC_SECRET 4c5c51bf6da7b9276bd830d67de35e3e7177174c327746b37f76bc5ab86c4580 79053efda9b5eb15800d3e5efc5537af7f7cc348f90d03130856122ba937019f
CLIENT_TRAFFIC_SECRET_0 4c5c51bf6da7b9276bd830d67de35e3e7177174c327746b37f76bc5ab86c4580 30b61ae9669469628119f4df493e00a1fce7707d2de73680e661013c3948af07
SERVER_TRAFFIC_SECRET_0 4c5c51bf6da7b9276bd830d67de35e3e7177174c327746b37f76bc5ab86c4580 54532c19758ba0fe546b057a89b59ad0960eafe6ecd649dcb817422e97925b1d
EXPORTER_SECRET 4c5c51bf6da7b9276bd830d67de35e3e7177174c327746b37f76bc5ab86c4580 42ee153ef941dd87a071219efd5a06c077391ae230e54b46d61e71bd51121f8b
CLIENT_HANDSHAKE_TRAFFIC_SECRET 2efbf1f35886312e720606a7862c3fff556024f8e68ff8288a32d1ebfccc702f 5c26bcf68a84fb6d9cdfef39c9870826ab387f0696f890cc9acff877b9c91fef
SERVER_HANDSHAKE_TRAFFIC_SECRET 2efbf1f35886312e720606a7862c3fff556024f8e68ff8288a32d1ebfccc702f 8787fffde85fd7e448ecea45464ad61990c354a6721e55b7e3e4e6d5b3d76f90
CLIENT_TRAFFIC_SECRET_0 2efbf1f35886312e720606a7862c3fff556024f8e68ff8288a32d1ebfccc702f 22675163042671fe597bf1cd3b93d8abdb73fb258be743d0030f2052a4602202
SERVER_TRAFFIC_SECRET_0 2efbf1f35886312e720606a7862c3fff556024f8e68ff8288a32d1ebfccc702f 04ccb623aff351153ca11b99c97f951177663a6f93a63d20f30321180c1700cf
EXPORTER_SECRET 2efbf1f35886312e720606a7862c3fff556024f8e68ff8288a32d1ebfccc702f eb67424b107a6466c57f0a1e28cfb83a27cb4120daa855b84063f81c7f7d7383
